<?xml version="1.0" encoding="UTF-8"?>
<!-- Generated by org.testng.reporters.JUnitReportReporter -->
<testsuite skipped="0" hostname="Shamima" name="com.osa.base.AppContains" tests="1" failures="0" timestamp="2020-09-20T11:12:51 EDT" time="0.000" errors="0">
  <testcase name="run" time="0.000" classname="com.osa.base.AppContains"/>
</testsuite> <!-- com.osa.base.AppContains -->
