<?xml version="1.0" encoding="UTF-8"?>
<!-- Generated by org.testng.reporters.JUnitReportReporter -->
<testsuite hostname="MAHFUZ" failures="0" tests="1" name="com.osa.tetes.ForumLogin" time="19.217" errors="0" timestamp="17 Jan 2021 20:07:45 GMT" skipped="0">
  <testcase classname="com.osa.tetes.ForumLogin" name="verifyForumLogin" time="19.217"/>
</testsuite> <!-- com.osa.tetes.ForumLogin -->
