<?xml version="1.0" encoding="UTF-8"?>
<!-- Generated by org.testng.reporters.JUnitReportReporter -->
<testsuite skipped="0" hostname="Shamima" name="com.osa.tetes.HomePage" tests="1" failures="0" timestamp="2020-09-30T18:42:51 EDT" time="9.751" errors="0">
  <testcase name="verifyLogin" time="9.751" classname="com.osa.tetes.HomePage"/>
</testsuite> <!-- com.osa.tetes.HomePage -->
