<?xml version="1.0" encoding="UTF-8"?>
<!-- Generated by org.testng.reporters.JUnitReportReporter -->
<testsuite skipped="0" hostname="Shamima" name="com.osa.common.FileManager" tests="1" failures="0" timestamp="2020-09-20T12:27:45 EDT" time="0.011" errors="0">
  <testcase name="getProValue" time="0.011" classname="com.osa.common.FileManager"/>
</testsuite> <!-- com.osa.common.FileManager -->
